<?xml version="1.0" encoding="UTF-8"?>
<testsuites name="ConsultarConsolidadoFactura" time="46.22" tests="15" failures="0" errors="0">
   <testsuite name="ConsultarConsolidadoFactura" tests="15" failures="0" errors="0" time="46.22" skipped="0" timestamp="2022-08-29 17:35:08" hostname="cenet - DESKTOP-4DPQOK0" id="Test Suites/miFactura_Mareigua/ConsultarConsolidadoFactura">
      <properties>
         <property name="deviceName" value=""/>
         <property name="devicePlatform" value=""/>
         <property name="logFolder" value="C:\\Users\\cenet\\git\\katalon-git-prueb_01_1\\Reports\\20220829_173456\\miFactura_Mareigua\\ConsultarConsolidadoFactura\\20220829_173456"/>
         <property name="logFiles" value="C:\\Users\\cenet\\git\\katalon-git-prueb_01_1\\Reports\\20220829_173456\\miFactura_Mareigua\\ConsultarConsolidadoFactura\\20220829_173456\\execution0.log"/>
         <property name="attachments" value=""/>
         <property name="hostName" value="cenet - DESKTOP-4DPQOK0"/>
         <property name="hostAddress" value="192.168.1.127"/>
         <property name="os" value="Windows 10 64bit"/>
         <property name="katalonVersion" value="8.3.0.208"/>
      </properties>
      <testcase name="Test Cases/Login_param" time="13.546" classname="Test Cases/Login_param" status="PASSED">
         <system-out><![CDATA[2022-08-29 17:35:09 - [TEST_CASE][PASSED] - Test Cases/Login_param: Test Cases/Login_param

2022-08-29 17:35:10 - [TEST_STEP][PASSED] - regis = Integer.parseInt(registro): null

2022-08-29 17:35:12 - [TEST_STEP][PASSED] - response = sendRequestAndVerify(findTestObject("miNomina_Mareigua-ConsultarNomina/Login", ["Login":Login, "password":password])): Send request and verify the response successfully

2022-08-29 17:35:19 - [MESSAGE][INFO] - HAR: C:\Users\cenet\git\katalon-git-prueb_01_1\Reports\20220829_173456\miFactura_Mareigua\ConsultarConsolidadoFactura\20220829_173456\requests\main\0.har

2022-08-29 17:35:19 - [TEST_CASE][PASSED] - Start Test Case : Verification: Verification accomplished successfully

2022-08-29 17:35:20 - [TEST_STEP][PASSED] - request = getInstance().getCurrentRequest(): null

2022-08-29 17:35:20 - [TEST_STEP][PASSED] - response = getInstance().getCurrentResponse(): null

2022-08-29 17:35:20 - [MESSAGE][PASSED] - Verify response successfully

2022-08-29 17:35:20 - [MESSAGE][PASSED] - Send request and verify the response successfully

2022-08-29 17:35:20 - [TEST_STEP][PASSED] - val_time = response.getElapsedTime(): null

2022-08-29 17:35:20 - [TEST_STEP][PASSED] - status_login = response.getStatusCode(): null

2022-08-29 17:35:20 - [TEST_STEP][PASSED] - jsonString = response.getResponseText(): null

2022-08-29 17:35:20 - [TEST_STEP][PASSED] - slurper = new groovy.json.JsonSlurper(): null

2022-08-29 17:35:20 - [TEST_STEP][PASSED] - markWarning("JSON " + jsonString): JSON {"Type":"OK","ValidationMessage":null,"Content":{"JWT":"eyJhbGciOiJIUzI1NiIsInR5cCI6IkpXVCJ9.eyJ1bmlxdWVfbmFtZSI6ImRhdmVyIiwiZmFtaWx5X25hbWUiOiIxIiwiaHR0cDovL3NjaGVtYXMueG1sc29hcC5vcmcvd3MvMjAwNS8wNS9pZGVudGl0eS9jbGFpbXMvc2lkIjoiMSIsIm5iZiI6MTY2MTgxMjUxOCwiZXhwIjoxNjYxODk4OTE4LCJpYXQiOjE2NjE4MTI1MTgsImlzcyI6Ik1pc0ZhY3R1cmFzIn0.3cpIkGO9H0TY35p6SRKKdU2itbzCGybP42Rlsf0eY6A"}}

2022-08-29 17:35:20 - [MESSAGE][WARNING] - JSON {"Type":"OK","ValidationMessage":null,"Content":{"JWT":"eyJhbGciOiJIUzI1NiIsInR5cCI6IkpXVCJ9.eyJ1bmlxdWVfbmFtZSI6ImRhdmVyIiwiZmFtaWx5X25hbWUiOiIxIiwiaHR0cDovL3NjaGVtYXMueG1sc29hcC5vcmcvd3MvMjAwNS8wNS9pZGVudGl0eS9jbGFpbXMvc2lkIjoiMSIsIm5iZiI6MTY2MTgxMjUxOCwiZXhwIjoxNjYxODk4OTE4LCJpYXQiOjE2NjE4MTI1MTgsImlzcyI6Ik1pc0ZhY3R1cmFzIn0.3cpIkGO9H0TY35p6SRKKdU2itbzCGybP42Rlsf0eY6A"}}

2022-08-29 17:35:20 - [TEST_STEP][PASSED] - parsedJson = slurper.parseText(jsonString): null

2022-08-29 17:35:20 - [TEST_STEP][PASSED] - nom_func = "val_login": null

2022-08-29 17:35:20 - [TEST_STEP][PASSED] - almacena_datos_servicio.Val_mensaje_serv.valida_mensaje_serv_login(parsedJson, type, ValidationMessage): Exito

2022-08-29 17:35:21 - [MESSAGE][PASSED] - Exito

2022-08-29 17:35:21 - [TEST_STEP][PASSED] - almacena_datos_servicio.Val_mensaje_serv.guarda_salida_mensaje_serv_login(): almacena_datos_servicio.Val_mensaje_serv.guarda_salida_mensaje_serv_login is PASSED

2022-08-29 17:35:23 - [MESSAGE][PASSED] - almacena_datos_servicio.Val_mensaje_serv.guarda_salida_mensaje_serv_login is PASSED]]></system-out>
         <system-err><![CDATA[]]></system-err>
      </testcase>
      <testcase name="Test Cases/Login_param" time="2.201" classname="Test Cases/Login_param" status="PASSED">
         <system-out><![CDATA[2022-08-29 17:35:23 - [TEST_CASE][PASSED] - Test Cases/Login_param: Test Cases/Login_param

2022-08-29 17:35:23 - [TEST_STEP][PASSED] - regis = Integer.parseInt(registro): null

2022-08-29 17:35:23 - [TEST_STEP][PASSED] - response = sendRequestAndVerify(findTestObject("miNomina_Mareigua-ConsultarNomina/Login", ["Login":Login, "password":password])): Send request and verify the response successfully

2022-08-29 17:35:24 - [MESSAGE][INFO] - HAR: C:\Users\cenet\git\katalon-git-prueb_01_1\Reports\20220829_173456\miFactura_Mareigua\ConsultarConsolidadoFactura\20220829_173456\requests\main\1.har

2022-08-29 17:35:24 - [TEST_CASE][PASSED] - Start Test Case : Verification: Verification accomplished successfully

2022-08-29 17:35:24 - [TEST_STEP][PASSED] - request = getInstance().getCurrentRequest(): null

2022-08-29 17:35:24 - [TEST_STEP][PASSED] - response = getInstance().getCurrentResponse(): null

2022-08-29 17:35:24 - [MESSAGE][PASSED] - Verify response successfully

2022-08-29 17:35:24 - [MESSAGE][PASSED] - Send request and verify the response successfully

2022-08-29 17:35:24 - [TEST_STEP][PASSED] - val_time = response.getElapsedTime(): null

2022-08-29 17:35:24 - [TEST_STEP][PASSED] - status_login = response.getStatusCode(): null

2022-08-29 17:35:24 - [TEST_STEP][PASSED] - jsonString = response.getResponseText(): null

2022-08-29 17:35:24 - [TEST_STEP][PASSED] - slurper = new groovy.json.JsonSlurper(): null

2022-08-29 17:35:24 - [TEST_STEP][PASSED] - markWarning("JSON " + jsonString): JSON {"Type":"ERROR","ValidationMessage":"Tu usuario o contraseña son incorrectos.","Content":null}

2022-08-29 17:35:24 - [MESSAGE][WARNING] - JSON {"Type":"ERROR","ValidationMessage":"Tu usuario o contraseña son incorrectos.","Content":null}

2022-08-29 17:35:24 - [TEST_STEP][PASSED] - parsedJson = slurper.parseText(jsonString): null

2022-08-29 17:35:24 - [TEST_STEP][PASSED] - nom_func = "val_login": null

2022-08-29 17:35:24 - [TEST_STEP][PASSED] - almacena_datos_servicio.Val_mensaje_serv.valida_mensaje_serv_login(parsedJson, type, ValidationMessage): Exito

2022-08-29 17:35:24 - [MESSAGE][PASSED] - Exito

2022-08-29 17:35:24 - [TEST_STEP][PASSED] - almacena_datos_servicio.Val_mensaje_serv.guarda_salida_mensaje_serv_login(): almacena_datos_servicio.Val_mensaje_serv.guarda_salida_mensaje_serv_login is PASSED

2022-08-29 17:35:25 - [MESSAGE][PASSED] - almacena_datos_servicio.Val_mensaje_serv.guarda_salida_mensaje_serv_login is PASSED]]></system-out>
         <system-err><![CDATA[]]></system-err>
      </testcase>
      <testcase name="Test Cases/Login_param" time="2.577" classname="Test Cases/Login_param" status="PASSED">
         <system-out><![CDATA[2022-08-29 17:35:26 - [TEST_CASE][PASSED] - Test Cases/Login_param: Test Cases/Login_param

2022-08-29 17:35:26 - [TEST_STEP][PASSED] - regis = Integer.parseInt(registro): null

2022-08-29 17:35:26 - [TEST_STEP][PASSED] - response = sendRequestAndVerify(findTestObject("miNomina_Mareigua-ConsultarNomina/Login", ["Login":Login, "password":password])): Send request and verify the response successfully

2022-08-29 17:35:26 - [MESSAGE][INFO] - HAR: C:\Users\cenet\git\katalon-git-prueb_01_1\Reports\20220829_173456\miFactura_Mareigua\ConsultarConsolidadoFactura\20220829_173456\requests\main\2.har

2022-08-29 17:35:26 - [TEST_CASE][PASSED] - Start Test Case : Verification: Verification accomplished successfully

2022-08-29 17:35:27 - [TEST_STEP][PASSED] - request = getInstance().getCurrentRequest(): null

2022-08-29 17:35:27 - [TEST_STEP][PASSED] - response = getInstance().getCurrentResponse(): null

2022-08-29 17:35:27 - [MESSAGE][PASSED] - Verify response successfully

2022-08-29 17:35:27 - [MESSAGE][PASSED] - Send request and verify the response successfully

2022-08-29 17:35:27 - [TEST_STEP][PASSED] - val_time = response.getElapsedTime(): null

2022-08-29 17:35:27 - [TEST_STEP][PASSED] - status_login = response.getStatusCode(): null

2022-08-29 17:35:27 - [TEST_STEP][PASSED] - jsonString = response.getResponseText(): null

2022-08-29 17:35:27 - [TEST_STEP][PASSED] - slurper = new groovy.json.JsonSlurper(): null

2022-08-29 17:35:27 - [TEST_STEP][PASSED] - markWarning("JSON " + jsonString): JSON {"Type":"ERROR","ValidationMessage":"Tu usuario o contraseña son incorrectos.","Content":null}

2022-08-29 17:35:27 - [MESSAGE][WARNING] - JSON {"Type":"ERROR","ValidationMessage":"Tu usuario o contraseña son incorrectos.","Content":null}

2022-08-29 17:35:28 - [TEST_STEP][PASSED] - parsedJson = slurper.parseText(jsonString): null

2022-08-29 17:35:28 - [TEST_STEP][PASSED] - nom_func = "val_login": null

2022-08-29 17:35:28 - [TEST_STEP][PASSED] - almacena_datos_servicio.Val_mensaje_serv.valida_mensaje_serv_login(parsedJson, type, ValidationMessage): Exito

2022-08-29 17:35:28 - [MESSAGE][PASSED] - Exito

2022-08-29 17:35:28 - [TEST_STEP][PASSED] - almacena_datos_servicio.Val_mensaje_serv.guarda_salida_mensaje_serv_login(): almacena_datos_servicio.Val_mensaje_serv.guarda_salida_mensaje_serv_login is PASSED

2022-08-29 17:35:28 - [MESSAGE][PASSED] - almacena_datos_servicio.Val_mensaje_serv.guarda_salida_mensaje_serv_login is PASSED]]></system-out>
         <system-err><![CDATA[]]></system-err>
      </testcase>
      <testcase name="Test Cases/Login_param" time="2.313" classname="Test Cases/Login_param" status="PASSED">
         <system-out><![CDATA[2022-08-29 17:35:28 - [TEST_CASE][PASSED] - Test Cases/Login_param: Test Cases/Login_param

2022-08-29 17:35:28 - [TEST_STEP][PASSED] - regis = Integer.parseInt(registro): null

2022-08-29 17:35:28 - [TEST_STEP][PASSED] - response = sendRequestAndVerify(findTestObject("miNomina_Mareigua-ConsultarNomina/Login", ["Login":Login, "password":password])): Send request and verify the response successfully

2022-08-29 17:35:29 - [MESSAGE][INFO] - HAR: C:\Users\cenet\git\katalon-git-prueb_01_1\Reports\20220829_173456\miFactura_Mareigua\ConsultarConsolidadoFactura\20220829_173456\requests\main\3.har

2022-08-29 17:35:29 - [TEST_CASE][PASSED] - Start Test Case : Verification: Verification accomplished successfully

2022-08-29 17:35:30 - [TEST_STEP][PASSED] - request = getInstance().getCurrentRequest(): null

2022-08-29 17:35:30 - [TEST_STEP][PASSED] - response = getInstance().getCurrentResponse(): null

2022-08-29 17:35:30 - [MESSAGE][PASSED] - Verify response successfully

2022-08-29 17:35:30 - [MESSAGE][PASSED] - Send request and verify the response successfully

2022-08-29 17:35:30 - [TEST_STEP][PASSED] - val_time = response.getElapsedTime(): null

2022-08-29 17:35:30 - [TEST_STEP][PASSED] - status_login = response.getStatusCode(): null

2022-08-29 17:35:30 - [TEST_STEP][PASSED] - jsonString = response.getResponseText(): null

2022-08-29 17:35:30 - [TEST_STEP][PASSED] - slurper = new groovy.json.JsonSlurper(): null

2022-08-29 17:35:30 - [TEST_STEP][PASSED] - markWarning("JSON " + jsonString): JSON {"Type":"ERROR","ValidationMessage":"Tu usuario o contraseña son incorrectos.","Content":null}

2022-08-29 17:35:30 - [MESSAGE][WARNING] - JSON {"Type":"ERROR","ValidationMessage":"Tu usuario o contraseña son incorrectos.","Content":null}

2022-08-29 17:35:30 - [TEST_STEP][PASSED] - parsedJson = slurper.parseText(jsonString): null

2022-08-29 17:35:30 - [TEST_STEP][PASSED] - nom_func = "val_login": null

2022-08-29 17:35:30 - [TEST_STEP][PASSED] - almacena_datos_servicio.Val_mensaje_serv.valida_mensaje_serv_login(parsedJson, type, ValidationMessage): Exito

2022-08-29 17:35:30 - [MESSAGE][PASSED] - Exito

2022-08-29 17:35:30 - [TEST_STEP][PASSED] - almacena_datos_servicio.Val_mensaje_serv.guarda_salida_mensaje_serv_login(): almacena_datos_servicio.Val_mensaje_serv.guarda_salida_mensaje_serv_login is PASSED

2022-08-29 17:35:30 - [MESSAGE][PASSED] - almacena_datos_servicio.Val_mensaje_serv.guarda_salida_mensaje_serv_login is PASSED]]></system-out>
         <system-err><![CDATA[]]></system-err>
      </testcase>
      <testcase name="Test Cases/Login_param" time="2.36" classname="Test Cases/Login_param" status="PASSED">
         <system-out><![CDATA[2022-08-29 17:35:31 - [TEST_CASE][PASSED] - Test Cases/Login_param: Test Cases/Login_param

2022-08-29 17:35:31 - [TEST_STEP][PASSED] - regis = Integer.parseInt(registro): null

2022-08-29 17:35:31 - [TEST_STEP][PASSED] - response = sendRequestAndVerify(findTestObject("miNomina_Mareigua-ConsultarNomina/Login", ["Login":Login, "password":password])): Send request and verify the response successfully

2022-08-29 17:35:32 - [MESSAGE][INFO] - HAR: C:\Users\cenet\git\katalon-git-prueb_01_1\Reports\20220829_173456\miFactura_Mareigua\ConsultarConsolidadoFactura\20220829_173456\requests\main\4.har

2022-08-29 17:35:32 - [TEST_CASE][PASSED] - Start Test Case : Verification: Verification accomplished successfully

2022-08-29 17:35:33 - [TEST_STEP][PASSED] - request = getInstance().getCurrentRequest(): null

2022-08-29 17:35:33 - [TEST_STEP][PASSED] - response = getInstance().getCurrentResponse(): null

2022-08-29 17:35:33 - [MESSAGE][PASSED] - Verify response successfully

2022-08-29 17:35:33 - [MESSAGE][PASSED] - Send request and verify the response successfully

2022-08-29 17:35:33 - [TEST_STEP][PASSED] - val_time = response.getElapsedTime(): null

2022-08-29 17:35:33 - [TEST_STEP][PASSED] - status_login = response.getStatusCode(): null

2022-08-29 17:35:33 - [TEST_STEP][PASSED] - jsonString = response.getResponseText(): null

2022-08-29 17:35:33 - [TEST_STEP][PASSED] - slurper = new groovy.json.JsonSlurper(): null

2022-08-29 17:35:33 - [TEST_STEP][PASSED] - markWarning("JSON " + jsonString): JSON {"Type":"ERROR","ValidationMessage":"Tu usuario o contraseña son incorrectos.","Content":null}

2022-08-29 17:35:33 - [MESSAGE][WARNING] - JSON {"Type":"ERROR","ValidationMessage":"Tu usuario o contraseña son incorrectos.","Content":null}

2022-08-29 17:35:33 - [TEST_STEP][PASSED] - parsedJson = slurper.parseText(jsonString): null

2022-08-29 17:35:33 - [TEST_STEP][PASSED] - nom_func = "val_login": null

2022-08-29 17:35:33 - [TEST_STEP][PASSED] - almacena_datos_servicio.Val_mensaje_serv.valida_mensaje_serv_login(parsedJson, type, ValidationMessage): Exito

2022-08-29 17:35:33 - [MESSAGE][PASSED] - Exito

2022-08-29 17:35:33 - [TEST_STEP][PASSED] - almacena_datos_servicio.Val_mensaje_serv.guarda_salida_mensaje_serv_login(): almacena_datos_servicio.Val_mensaje_serv.guarda_salida_mensaje_serv_login is PASSED

2022-08-29 17:35:33 - [MESSAGE][PASSED] - almacena_datos_servicio.Val_mensaje_serv.guarda_salida_mensaje_serv_login is PASSED]]></system-out>
         <system-err><![CDATA[]]></system-err>
      </testcase>
      <testcase name="Test Cases/Login_param" time="1.949" classname="Test Cases/Login_param" status="PASSED">
         <system-out><![CDATA[2022-08-29 17:35:34 - [TEST_CASE][PASSED] - Test Cases/Login_param: Test Cases/Login_param

2022-08-29 17:35:34 - [TEST_STEP][PASSED] - regis = Integer.parseInt(registro): null

2022-08-29 17:35:34 - [TEST_STEP][PASSED] - response = sendRequestAndVerify(findTestObject("miNomina_Mareigua-ConsultarNomina/Login", ["Login":Login, "password":password])): Send request and verify the response successfully

2022-08-29 17:35:35 - [MESSAGE][INFO] - HAR: C:\Users\cenet\git\katalon-git-prueb_01_1\Reports\20220829_173456\miFactura_Mareigua\ConsultarConsolidadoFactura\20220829_173456\requests\main\5.har

2022-08-29 17:35:35 - [TEST_CASE][PASSED] - Start Test Case : Verification: Verification accomplished successfully

2022-08-29 17:35:35 - [TEST_STEP][PASSED] - request = getInstance().getCurrentRequest(): null

2022-08-29 17:35:35 - [TEST_STEP][PASSED] - response = getInstance().getCurrentResponse(): null

2022-08-29 17:35:35 - [MESSAGE][PASSED] - Verify response successfully

2022-08-29 17:35:35 - [MESSAGE][PASSED] - Send request and verify the response successfully

2022-08-29 17:35:35 - [TEST_STEP][PASSED] - val_time = response.getElapsedTime(): null

2022-08-29 17:35:35 - [TEST_STEP][PASSED] - status_login = response.getStatusCode(): null

2022-08-29 17:35:35 - [TEST_STEP][PASSED] - jsonString = response.getResponseText(): null

2022-08-29 17:35:35 - [TEST_STEP][PASSED] - slurper = new groovy.json.JsonSlurper(): null

2022-08-29 17:35:35 - [TEST_STEP][PASSED] - markWarning("JSON " + jsonString): JSON {"Type":"OK","ValidationMessage":null,"Content":{"JWT":"eyJhbGciOiJIUzI1NiIsInR5cCI6IkpXVCJ9.eyJ1bmlxdWVfbmFtZSI6ImRhdmVyIiwiZmFtaWx5X25hbWUiOiIxIiwiaHR0cDovL3NjaGVtYXMueG1sc29hcC5vcmcvd3MvMjAwNS8wNS9pZGVudGl0eS9jbGFpbXMvc2lkIjoiMSIsIm5iZiI6MTY2MTgxMjUzNSwiZXhwIjoxNjYxODk4OTM1LCJpYXQiOjE2NjE4MTI1MzUsImlzcyI6Ik1pc0ZhY3R1cmFzIn0.pJshYbnywCJuMT0uysxvSlAJXoHHj4zEL_Bs6YqykrQ"}}

2022-08-29 17:35:35 - [MESSAGE][WARNING] - JSON {"Type":"OK","ValidationMessage":null,"Content":{"JWT":"eyJhbGciOiJIUzI1NiIsInR5cCI6IkpXVCJ9.eyJ1bmlxdWVfbmFtZSI6ImRhdmVyIiwiZmFtaWx5X25hbWUiOiIxIiwiaHR0cDovL3NjaGVtYXMueG1sc29hcC5vcmcvd3MvMjAwNS8wNS9pZGVudGl0eS9jbGFpbXMvc2lkIjoiMSIsIm5iZiI6MTY2MTgxMjUzNSwiZXhwIjoxNjYxODk4OTM1LCJpYXQiOjE2NjE4MTI1MzUsImlzcyI6Ik1pc0ZhY3R1cmFzIn0.pJshYbnywCJuMT0uysxvSlAJXoHHj4zEL_Bs6YqykrQ"}}

2022-08-29 17:35:35 - [TEST_STEP][PASSED] - parsedJson = slurper.parseText(jsonString): null

2022-08-29 17:35:35 - [TEST_STEP][PASSED] - nom_func = "val_login": null

2022-08-29 17:35:35 - [TEST_STEP][PASSED] - almacena_datos_servicio.Val_mensaje_serv.valida_mensaje_serv_login(parsedJson, type, ValidationMessage): Exito

2022-08-29 17:35:35 - [MESSAGE][PASSED] - Exito

2022-08-29 17:35:35 - [TEST_STEP][PASSED] - almacena_datos_servicio.Val_mensaje_serv.guarda_salida_mensaje_serv_login(): almacena_datos_servicio.Val_mensaje_serv.guarda_salida_mensaje_serv_login is PASSED

2022-08-29 17:35:36 - [MESSAGE][PASSED] - almacena_datos_servicio.Val_mensaje_serv.guarda_salida_mensaje_serv_login is PASSED]]></system-out>
         <system-err><![CDATA[]]></system-err>
      </testcase>
      <testcase name="Test Cases/Login_param" time="1.911" classname="Test Cases/Login_param" status="PASSED">
         <system-out><![CDATA[2022-08-29 17:35:36 - [TEST_CASE][PASSED] - Test Cases/Login_param: Test Cases/Login_param

2022-08-29 17:35:36 - [TEST_STEP][PASSED] - regis = Integer.parseInt(registro): null

2022-08-29 17:35:36 - [TEST_STEP][PASSED] - response = sendRequestAndVerify(findTestObject("miNomina_Mareigua-ConsultarNomina/Login", ["Login":Login, "password":password])): Send request and verify the response successfully

2022-08-29 17:35:37 - [MESSAGE][INFO] - HAR: C:\Users\cenet\git\katalon-git-prueb_01_1\Reports\20220829_173456\miFactura_Mareigua\ConsultarConsolidadoFactura\20220829_173456\requests\main\6.har

2022-08-29 17:35:37 - [TEST_CASE][PASSED] - Start Test Case : Verification: Verification accomplished successfully

2022-08-29 17:35:37 - [TEST_STEP][PASSED] - request = getInstance().getCurrentRequest(): null

2022-08-29 17:35:37 - [TEST_STEP][PASSED] - response = getInstance().getCurrentResponse(): null

2022-08-29 17:35:37 - [MESSAGE][PASSED] - Verify response successfully

2022-08-29 17:35:37 - [MESSAGE][PASSED] - Send request and verify the response successfully

2022-08-29 17:35:37 - [TEST_STEP][PASSED] - val_time = response.getElapsedTime(): null

2022-08-29 17:35:37 - [TEST_STEP][PASSED] - status_login = response.getStatusCode(): null

2022-08-29 17:35:37 - [TEST_STEP][PASSED] - jsonString = response.getResponseText(): null

2022-08-29 17:35:37 - [TEST_STEP][PASSED] - slurper = new groovy.json.JsonSlurper(): null

2022-08-29 17:35:37 - [TEST_STEP][PASSED] - markWarning("JSON " + jsonString): JSON {"Type":"ERROR","ValidationMessage":"Tu usuario o contraseña son incorrectos.","Content":null}

2022-08-29 17:35:37 - [MESSAGE][WARNING] - JSON {"Type":"ERROR","ValidationMessage":"Tu usuario o contraseña son incorrectos.","Content":null}

2022-08-29 17:35:38 - [TEST_STEP][PASSED] - parsedJson = slurper.parseText(jsonString): null

2022-08-29 17:35:38 - [TEST_STEP][PASSED] - nom_func = "val_login": null

2022-08-29 17:35:38 - [TEST_STEP][PASSED] - almacena_datos_servicio.Val_mensaje_serv.valida_mensaje_serv_login(parsedJson, type, ValidationMessage): Exito

2022-08-29 17:35:38 - [MESSAGE][PASSED] - Exito

2022-08-29 17:35:38 - [TEST_STEP][PASSED] - almacena_datos_servicio.Val_mensaje_serv.guarda_salida_mensaje_serv_login(): almacena_datos_servicio.Val_mensaje_serv.guarda_salida_mensaje_serv_login is PASSED

2022-08-29 17:35:38 - [MESSAGE][PASSED] - almacena_datos_servicio.Val_mensaje_serv.guarda_salida_mensaje_serv_login is PASSED]]></system-out>
         <system-err><![CDATA[]]></system-err>
      </testcase>
      <testcase name="Test Cases/Login_param" time="1.6" classname="Test Cases/Login_param" status="PASSED">
         <system-out><![CDATA[2022-08-29 17:35:39 - [TEST_CASE][PASSED] - Test Cases/Login_param: Test Cases/Login_param

2022-08-29 17:35:39 - [TEST_STEP][PASSED] - regis = Integer.parseInt(registro): null

2022-08-29 17:35:39 - [TEST_STEP][PASSED] - response = sendRequestAndVerify(findTestObject("miNomina_Mareigua-ConsultarNomina/Login", ["Login":Login, "password":password])): Send request and verify the response successfully

2022-08-29 17:35:39 - [MESSAGE][INFO] - HAR: C:\Users\cenet\git\katalon-git-prueb_01_1\Reports\20220829_173456\miFactura_Mareigua\ConsultarConsolidadoFactura\20220829_173456\requests\main\7.har

2022-08-29 17:35:39 - [TEST_CASE][PASSED] - Start Test Case : Verification: Verification accomplished successfully

2022-08-29 17:35:40 - [TEST_STEP][PASSED] - request = getInstance().getCurrentRequest(): null

2022-08-29 17:35:40 - [TEST_STEP][PASSED] - response = getInstance().getCurrentResponse(): null

2022-08-29 17:35:40 - [MESSAGE][PASSED] - Verify response successfully

2022-08-29 17:35:40 - [MESSAGE][PASSED] - Send request and verify the response successfully

2022-08-29 17:35:40 - [TEST_STEP][PASSED] - val_time = response.getElapsedTime(): null

2022-08-29 17:35:40 - [TEST_STEP][PASSED] - status_login = response.getStatusCode(): null

2022-08-29 17:35:40 - [TEST_STEP][PASSED] - jsonString = response.getResponseText(): null

2022-08-29 17:35:40 - [TEST_STEP][PASSED] - slurper = new groovy.json.JsonSlurper(): null

2022-08-29 17:35:40 - [TEST_STEP][PASSED] - markWarning("JSON " + jsonString): JSON {"Type":"ERROR","ValidationMessage":"Tu usuario o contraseña son incorrectos.","Content":null}

2022-08-29 17:35:40 - [MESSAGE][WARNING] - JSON {"Type":"ERROR","ValidationMessage":"Tu usuario o contraseña son incorrectos.","Content":null}

2022-08-29 17:35:40 - [TEST_STEP][PASSED] - parsedJson = slurper.parseText(jsonString): null

2022-08-29 17:35:40 - [TEST_STEP][PASSED] - nom_func = "val_login": null

2022-08-29 17:35:40 - [TEST_STEP][PASSED] - almacena_datos_servicio.Val_mensaje_serv.valida_mensaje_serv_login(parsedJson, type, ValidationMessage): Exito

2022-08-29 17:35:40 - [MESSAGE][PASSED] - Exito

2022-08-29 17:35:40 - [TEST_STEP][PASSED] - almacena_datos_servicio.Val_mensaje_serv.guarda_salida_mensaje_serv_login(): almacena_datos_servicio.Val_mensaje_serv.guarda_salida_mensaje_serv_login is PASSED

2022-08-29 17:35:40 - [MESSAGE][PASSED] - almacena_datos_servicio.Val_mensaje_serv.guarda_salida_mensaje_serv_login is PASSED]]></system-out>
         <system-err><![CDATA[]]></system-err>
      </testcase>
      <testcase name="Test Cases/Login_param" time="1.492" classname="Test Cases/Login_param" status="PASSED">
         <system-out><![CDATA[2022-08-29 17:35:41 - [TEST_CASE][PASSED] - Test Cases/Login_param: Test Cases/Login_param

2022-08-29 17:35:41 - [TEST_STEP][PASSED] - regis = Integer.parseInt(registro): null

2022-08-29 17:35:41 - [TEST_STEP][PASSED] - response = sendRequestAndVerify(findTestObject("miNomina_Mareigua-ConsultarNomina/Login", ["Login":Login, "password":password])): Send request and verify the response successfully

2022-08-29 17:35:41 - [MESSAGE][INFO] - HAR: C:\Users\cenet\git\katalon-git-prueb_01_1\Reports\20220829_173456\miFactura_Mareigua\ConsultarConsolidadoFactura\20220829_173456\requests\main\8.har

2022-08-29 17:35:42 - [TEST_CASE][PASSED] - Start Test Case : Verification: Verification accomplished successfully

2022-08-29 17:35:42 - [TEST_STEP][PASSED] - request = getInstance().getCurrentRequest(): null

2022-08-29 17:35:42 - [TEST_STEP][PASSED] - response = getInstance().getCurrentResponse(): null

2022-08-29 17:35:42 - [MESSAGE][PASSED] - Verify response successfully

2022-08-29 17:35:42 - [MESSAGE][PASSED] - Send request and verify the response successfully

2022-08-29 17:35:42 - [TEST_STEP][PASSED] - val_time = response.getElapsedTime(): null

2022-08-29 17:35:42 - [TEST_STEP][PASSED] - status_login = response.getStatusCode(): null

2022-08-29 17:35:42 - [TEST_STEP][PASSED] - jsonString = response.getResponseText(): null

2022-08-29 17:35:42 - [TEST_STEP][PASSED] - slurper = new groovy.json.JsonSlurper(): null

2022-08-29 17:35:42 - [TEST_STEP][PASSED] - markWarning("JSON " + jsonString): JSON {"Type":"ERROR","ValidationMessage":"Tu usuario o contraseña son incorrectos.","Content":null}

2022-08-29 17:35:42 - [MESSAGE][WARNING] - JSON {"Type":"ERROR","ValidationMessage":"Tu usuario o contraseña son incorrectos.","Content":null}

2022-08-29 17:35:42 - [TEST_STEP][PASSED] - parsedJson = slurper.parseText(jsonString): null

2022-08-29 17:35:42 - [TEST_STEP][PASSED] - nom_func = "val_login": null

2022-08-29 17:35:42 - [TEST_STEP][PASSED] - almacena_datos_servicio.Val_mensaje_serv.valida_mensaje_serv_login(parsedJson, type, ValidationMessage): Exito

2022-08-29 17:35:42 - [MESSAGE][PASSED] - Exito

2022-08-29 17:35:42 - [TEST_STEP][PASSED] - almacena_datos_servicio.Val_mensaje_serv.guarda_salida_mensaje_serv_login(): almacena_datos_servicio.Val_mensaje_serv.guarda_salida_mensaje_serv_login is PASSED

2022-08-29 17:35:42 - [MESSAGE][PASSED] - almacena_datos_servicio.Val_mensaje_serv.guarda_salida_mensaje_serv_login is PASSED]]></system-out>
         <system-err><![CDATA[]]></system-err>
      </testcase>
      <testcase name="Test Cases/Login_param" time="1.886" classname="Test Cases/Login_param" status="PASSED">
         <system-out><![CDATA[2022-08-29 17:35:42 - [TEST_CASE][PASSED] - Test Cases/Login_param: Test Cases/Login_param

2022-08-29 17:35:42 - [TEST_STEP][PASSED] - regis = Integer.parseInt(registro): null

2022-08-29 17:35:42 - [TEST_STEP][PASSED] - response = sendRequestAndVerify(findTestObject("miNomina_Mareigua-ConsultarNomina/Login", ["Login":Login, "password":password])): Send request and verify the response successfully

2022-08-29 17:35:43 - [MESSAGE][INFO] - HAR: C:\Users\cenet\git\katalon-git-prueb_01_1\Reports\20220829_173456\miFactura_Mareigua\ConsultarConsolidadoFactura\20220829_173456\requests\main\9.har

2022-08-29 17:35:44 - [TEST_CASE][PASSED] - Start Test Case : Verification: Verification accomplished successfully

2022-08-29 17:35:44 - [TEST_STEP][PASSED] - request = getInstance().getCurrentRequest(): null

2022-08-29 17:35:44 - [TEST_STEP][PASSED] - response = getInstance().getCurrentResponse(): null

2022-08-29 17:35:44 - [MESSAGE][PASSED] - Verify response successfully

2022-08-29 17:35:44 - [MESSAGE][PASSED] - Send request and verify the response successfully

2022-08-29 17:35:44 - [TEST_STEP][PASSED] - val_time = response.getElapsedTime(): null

2022-08-29 17:35:44 - [TEST_STEP][PASSED] - status_login = response.getStatusCode(): null

2022-08-29 17:35:44 - [TEST_STEP][PASSED] - jsonString = response.getResponseText(): null

2022-08-29 17:35:44 - [TEST_STEP][PASSED] - slurper = new groovy.json.JsonSlurper(): null

2022-08-29 17:35:44 - [TEST_STEP][PASSED] - markWarning("JSON " + jsonString): JSON {"Type":"ERROR","ValidationMessage":"Tu usuario o contraseña son incorrectos.","Content":null}

2022-08-29 17:35:44 - [MESSAGE][WARNING] - JSON {"Type":"ERROR","ValidationMessage":"Tu usuario o contraseña son incorrectos.","Content":null}

2022-08-29 17:35:44 - [TEST_STEP][PASSED] - parsedJson = slurper.parseText(jsonString): null

2022-08-29 17:35:44 - [TEST_STEP][PASSED] - nom_func = "val_login": null

2022-08-29 17:35:44 - [TEST_STEP][PASSED] - almacena_datos_servicio.Val_mensaje_serv.valida_mensaje_serv_login(parsedJson, type, ValidationMessage): Exito

2022-08-29 17:35:44 - [MESSAGE][PASSED] - Exito

2022-08-29 17:35:44 - [TEST_STEP][PASSED] - almacena_datos_servicio.Val_mensaje_serv.guarda_salida_mensaje_serv_login(): almacena_datos_servicio.Val_mensaje_serv.guarda_salida_mensaje_serv_login is PASSED

2022-08-29 17:35:44 - [MESSAGE][PASSED] - almacena_datos_servicio.Val_mensaje_serv.guarda_salida_mensaje_serv_login is PASSED]]></system-out>
         <system-err><![CDATA[]]></system-err>
      </testcase>
      <testcase name="Test Cases/Login_param" time="2.019" classname="Test Cases/Login_param" status="PASSED">
         <system-out><![CDATA[2022-08-29 17:35:44 - [TEST_CASE][PASSED] - Test Cases/Login_param: Test Cases/Login_param

2022-08-29 17:35:44 - [TEST_STEP][PASSED] - regis = Integer.parseInt(registro): null

2022-08-29 17:35:44 - [TEST_STEP][PASSED] - response = sendRequestAndVerify(findTestObject("miNomina_Mareigua-ConsultarNomina/Login", ["Login":Login, "password":password])): Send request and verify the response successfully

2022-08-29 17:35:45 - [MESSAGE][INFO] - HAR: C:\Users\cenet\git\katalon-git-prueb_01_1\Reports\20220829_173456\miFactura_Mareigua\ConsultarConsolidadoFactura\20220829_173456\requests\main\10.har

2022-08-29 17:35:45 - [TEST_CASE][PASSED] - Start Test Case : Verification: Verification accomplished successfully

2022-08-29 17:35:46 - [TEST_STEP][PASSED] - request = getInstance().getCurrentRequest(): null

2022-08-29 17:35:46 - [TEST_STEP][PASSED] - response = getInstance().getCurrentResponse(): null

2022-08-29 17:35:46 - [MESSAGE][PASSED] - Verify response successfully

2022-08-29 17:35:46 - [MESSAGE][PASSED] - Send request and verify the response successfully

2022-08-29 17:35:46 - [TEST_STEP][PASSED] - val_time = response.getElapsedTime(): null

2022-08-29 17:35:46 - [TEST_STEP][PASSED] - status_login = response.getStatusCode(): null

2022-08-29 17:35:46 - [TEST_STEP][PASSED] - jsonString = response.getResponseText(): null

2022-08-29 17:35:46 - [TEST_STEP][PASSED] - slurper = new groovy.json.JsonSlurper(): null

2022-08-29 17:35:46 - [TEST_STEP][PASSED] - markWarning("JSON " + jsonString): JSON {"Type":"OK","ValidationMessage":null,"Content":{"JWT":"eyJhbGciOiJIUzI1NiIsInR5cCI6IkpXVCJ9.eyJ1bmlxdWVfbmFtZSI6ImRhdmVyIiwiZmFtaWx5X25hbWUiOiIxIiwiaHR0cDovL3NjaGVtYXMueG1sc29hcC5vcmcvd3MvMjAwNS8wNS9pZGVudGl0eS9jbGFpbXMvc2lkIjoiMSIsIm5iZiI6MTY2MTgxMjU0NSwiZXhwIjoxNjYxODk4OTQ1LCJpYXQiOjE2NjE4MTI1NDUsImlzcyI6Ik1pc0ZhY3R1cmFzIn0.kZyoUqRYmiJmCGxWox_dFfKQgGhlInHNaUYQPpmbAGc"}}

2022-08-29 17:35:46 - [MESSAGE][WARNING] - JSON {"Type":"OK","ValidationMessage":null,"Content":{"JWT":"eyJhbGciOiJIUzI1NiIsInR5cCI6IkpXVCJ9.eyJ1bmlxdWVfbmFtZSI6ImRhdmVyIiwiZmFtaWx5X25hbWUiOiIxIiwiaHR0cDovL3NjaGVtYXMueG1sc29hcC5vcmcvd3MvMjAwNS8wNS9pZGVudGl0eS9jbGFpbXMvc2lkIjoiMSIsIm5iZiI6MTY2MTgxMjU0NSwiZXhwIjoxNjYxODk4OTQ1LCJpYXQiOjE2NjE4MTI1NDUsImlzcyI6Ik1pc0ZhY3R1cmFzIn0.kZyoUqRYmiJmCGxWox_dFfKQgGhlInHNaUYQPpmbAGc"}}

2022-08-29 17:35:46 - [TEST_STEP][PASSED] - parsedJson = slurper.parseText(jsonString): null

2022-08-29 17:35:46 - [TEST_STEP][PASSED] - nom_func = "val_login": null

2022-08-29 17:35:46 - [TEST_STEP][PASSED] - almacena_datos_servicio.Val_mensaje_serv.valida_mensaje_serv_login(parsedJson, type, ValidationMessage): Exito

2022-08-29 17:35:46 - [MESSAGE][PASSED] - Exito

2022-08-29 17:35:46 - [TEST_STEP][PASSED] - almacena_datos_servicio.Val_mensaje_serv.guarda_salida_mensaje_serv_login(): almacena_datos_servicio.Val_mensaje_serv.guarda_salida_mensaje_serv_login is PASSED

2022-08-29 17:35:46 - [MESSAGE][PASSED] - almacena_datos_servicio.Val_mensaje_serv.guarda_salida_mensaje_serv_login is PASSED]]></system-out>
         <system-err><![CDATA[]]></system-err>
      </testcase>
      <testcase name="Test Cases/Login_param" time="1.795" classname="Test Cases/Login_param" status="PASSED">
         <system-out><![CDATA[2022-08-29 17:35:46 - [TEST_CASE][PASSED] - Test Cases/Login_param: Test Cases/Login_param

2022-08-29 17:35:46 - [TEST_STEP][PASSED] - regis = Integer.parseInt(registro): null

2022-08-29 17:35:46 - [TEST_STEP][PASSED] - response = sendRequestAndVerify(findTestObject("miNomina_Mareigua-ConsultarNomina/Login", ["Login":Login, "password":password])): Send request and verify the response successfully

2022-08-29 17:35:47 - [MESSAGE][INFO] - HAR: C:\Users\cenet\git\katalon-git-prueb_01_1\Reports\20220829_173456\miFactura_Mareigua\ConsultarConsolidadoFactura\20220829_173456\requests\main\11.har

2022-08-29 17:35:47 - [TEST_CASE][PASSED] - Start Test Case : Verification: Verification accomplished successfully

2022-08-29 17:35:48 - [TEST_STEP][PASSED] - request = getInstance().getCurrentRequest(): null

2022-08-29 17:35:48 - [TEST_STEP][PASSED] - response = getInstance().getCurrentResponse(): null

2022-08-29 17:35:48 - [MESSAGE][PASSED] - Verify response successfully

2022-08-29 17:35:48 - [MESSAGE][PASSED] - Send request and verify the response successfully

2022-08-29 17:35:48 - [TEST_STEP][PASSED] - val_time = response.getElapsedTime(): null

2022-08-29 17:35:48 - [TEST_STEP][PASSED] - status_login = response.getStatusCode(): null

2022-08-29 17:35:48 - [TEST_STEP][PASSED] - jsonString = response.getResponseText(): null

2022-08-29 17:35:48 - [TEST_STEP][PASSED] - slurper = new groovy.json.JsonSlurper(): null

2022-08-29 17:35:48 - [TEST_STEP][PASSED] - markWarning("JSON " + jsonString): JSON {"Type":"ERROR","ValidationMessage":"Tu usuario o contraseña son incorrectos.","Content":null}

2022-08-29 17:35:48 - [MESSAGE][WARNING] - JSON {"Type":"ERROR","ValidationMessage":"Tu usuario o contraseña son incorrectos.","Content":null}

2022-08-29 17:35:48 - [TEST_STEP][PASSED] - parsedJson = slurper.parseText(jsonString): null

2022-08-29 17:35:48 - [TEST_STEP][PASSED] - nom_func = "val_login": null

2022-08-29 17:35:48 - [TEST_STEP][PASSED] - almacena_datos_servicio.Val_mensaje_serv.valida_mensaje_serv_login(parsedJson, type, ValidationMessage): Exito

2022-08-29 17:35:48 - [MESSAGE][PASSED] - Exito

2022-08-29 17:35:48 - [TEST_STEP][PASSED] - almacena_datos_servicio.Val_mensaje_serv.guarda_salida_mensaje_serv_login(): almacena_datos_servicio.Val_mensaje_serv.guarda_salida_mensaje_serv_login is PASSED

2022-08-29 17:35:48 - [MESSAGE][PASSED] - almacena_datos_servicio.Val_mensaje_serv.guarda_salida_mensaje_serv_login is PASSED]]></system-out>
         <system-err><![CDATA[]]></system-err>
      </testcase>
      <testcase name="Test Cases/Login_param" time="1.299" classname="Test Cases/Login_param" status="PASSED">
         <system-out><![CDATA[2022-08-29 17:35:48 - [TEST_CASE][PASSED] - Test Cases/Login_param: Test Cases/Login_param

2022-08-29 17:35:48 - [TEST_STEP][PASSED] - regis = Integer.parseInt(registro): null

2022-08-29 17:35:48 - [TEST_STEP][PASSED] - response = sendRequestAndVerify(findTestObject("miNomina_Mareigua-ConsultarNomina/Login", ["Login":Login, "password":password])): Send request and verify the response successfully

2022-08-29 17:35:49 - [MESSAGE][INFO] - HAR: C:\Users\cenet\git\katalon-git-prueb_01_1\Reports\20220829_173456\miFactura_Mareigua\ConsultarConsolidadoFactura\20220829_173456\requests\main\12.har

2022-08-29 17:35:49 - [TEST_CASE][PASSED] - Start Test Case : Verification: Verification accomplished successfully

2022-08-29 17:35:49 - [TEST_STEP][PASSED] - request = getInstance().getCurrentRequest(): null

2022-08-29 17:35:49 - [TEST_STEP][PASSED] - response = getInstance().getCurrentResponse(): null

2022-08-29 17:35:49 - [MESSAGE][PASSED] - Verify response successfully

2022-08-29 17:35:49 - [MESSAGE][PASSED] - Send request and verify the response successfully

2022-08-29 17:35:49 - [TEST_STEP][PASSED] - val_time = response.getElapsedTime(): null

2022-08-29 17:35:49 - [TEST_STEP][PASSED] - status_login = response.getStatusCode(): null

2022-08-29 17:35:49 - [TEST_STEP][PASSED] - jsonString = response.getResponseText(): null

2022-08-29 17:35:49 - [TEST_STEP][PASSED] - slurper = new groovy.json.JsonSlurper(): null

2022-08-29 17:35:49 - [TEST_STEP][PASSED] - markWarning("JSON " + jsonString): JSON {"Type":"ERROR","ValidationMessage":"Tu usuario o contraseña son incorrectos.","Content":null}

2022-08-29 17:35:49 - [MESSAGE][WARNING] - JSON {"Type":"ERROR","ValidationMessage":"Tu usuario o contraseña son incorrectos.","Content":null}

2022-08-29 17:35:49 - [TEST_STEP][PASSED] - parsedJson = slurper.parseText(jsonString): null

2022-08-29 17:35:49 - [TEST_STEP][PASSED] - nom_func = "val_login": null

2022-08-29 17:35:49 - [TEST_STEP][PASSED] - almacena_datos_servicio.Val_mensaje_serv.valida_mensaje_serv_login(parsedJson, type, ValidationMessage): Exito

2022-08-29 17:35:49 - [MESSAGE][PASSED] - Exito

2022-08-29 17:35:49 - [TEST_STEP][PASSED] - almacena_datos_servicio.Val_mensaje_serv.guarda_salida_mensaje_serv_login(): almacena_datos_servicio.Val_mensaje_serv.guarda_salida_mensaje_serv_login is PASSED

2022-08-29 17:35:50 - [MESSAGE][PASSED] - almacena_datos_servicio.Val_mensaje_serv.guarda_salida_mensaje_serv_login is PASSED]]></system-out>
         <system-err><![CDATA[]]></system-err>
      </testcase>
      <testcase name="Test Cases/Login_param" time="2.414" classname="Test Cases/Login_param" status="PASSED">
         <system-out><![CDATA[2022-08-29 17:35:50 - [TEST_CASE][PASSED] - Test Cases/Login_param: Test Cases/Login_param

2022-08-29 17:35:50 - [TEST_STEP][PASSED] - regis = Integer.parseInt(registro): null

2022-08-29 17:35:50 - [TEST_STEP][PASSED] - response = sendRequestAndVerify(findTestObject("miNomina_Mareigua-ConsultarNomina/Login", ["Login":Login, "password":password])): Send request and verify the response successfully

2022-08-29 17:35:51 - [MESSAGE][INFO] - HAR: C:\Users\cenet\git\katalon-git-prueb_01_1\Reports\20220829_173456\miFactura_Mareigua\ConsultarConsolidadoFactura\20220829_173456\requests\main\13.har

2022-08-29 17:35:52 - [TEST_CASE][PASSED] - Start Test Case : Verification: Verification accomplished successfully

2022-08-29 17:35:52 - [TEST_STEP][PASSED] - request = getInstance().getCurrentRequest(): null

2022-08-29 17:35:52 - [TEST_STEP][PASSED] - response = getInstance().getCurrentResponse(): null

2022-08-29 17:35:52 - [MESSAGE][PASSED] - Verify response successfully

2022-08-29 17:35:52 - [MESSAGE][PASSED] - Send request and verify the response successfully

2022-08-29 17:35:52 - [TEST_STEP][PASSED] - val_time = response.getElapsedTime(): null

2022-08-29 17:35:52 - [TEST_STEP][PASSED] - status_login = response.getStatusCode(): null

2022-08-29 17:35:52 - [TEST_STEP][PASSED] - jsonString = response.getResponseText(): null

2022-08-29 17:35:52 - [TEST_STEP][PASSED] - slurper = new groovy.json.JsonSlurper(): null

2022-08-29 17:35:52 - [TEST_STEP][PASSED] - markWarning("JSON " + jsonString): JSON {"Type":"ERROR","ValidationMessage":"Tu usuario o contraseña son incorrectos.","Content":null}

2022-08-29 17:35:52 - [MESSAGE][WARNING] - JSON {"Type":"ERROR","ValidationMessage":"Tu usuario o contraseña son incorrectos.","Content":null}

2022-08-29 17:35:52 - [TEST_STEP][PASSED] - parsedJson = slurper.parseText(jsonString): null

2022-08-29 17:35:52 - [TEST_STEP][PASSED] - nom_func = "val_login": null

2022-08-29 17:35:52 - [TEST_STEP][PASSED] - almacena_datos_servicio.Val_mensaje_serv.valida_mensaje_serv_login(parsedJson, type, ValidationMessage): Exito

2022-08-29 17:35:52 - [MESSAGE][PASSED] - Exito

2022-08-29 17:35:52 - [TEST_STEP][PASSED] - almacena_datos_servicio.Val_mensaje_serv.guarda_salida_mensaje_serv_login(): almacena_datos_servicio.Val_mensaje_serv.guarda_salida_mensaje_serv_login is PASSED

2022-08-29 17:35:52 - [MESSAGE][PASSED] - almacena_datos_servicio.Val_mensaje_serv.guarda_salida_mensaje_serv_login is PASSED]]></system-out>
         <system-err><![CDATA[]]></system-err>
      </testcase>
      <testcase name="Test Cases/Login_param" time="1.762" classname="Test Cases/Login_param" status="PASSED">
         <system-out><![CDATA[2022-08-29 17:35:52 - [TEST_CASE][PASSED] - Test Cases/Login_param: Test Cases/Login_param

2022-08-29 17:35:52 - [TEST_STEP][PASSED] - regis = Integer.parseInt(registro): null

2022-08-29 17:35:52 - [TEST_STEP][PASSED] - response = sendRequestAndVerify(findTestObject("miNomina_Mareigua-ConsultarNomina/Login", ["Login":Login, "password":password])): Send request and verify the response successfully

2022-08-29 17:35:53 - [MESSAGE][INFO] - HAR: C:\Users\cenet\git\katalon-git-prueb_01_1\Reports\20220829_173456\miFactura_Mareigua\ConsultarConsolidadoFactura\20220829_173456\requests\main\14.har

2022-08-29 17:35:53 - [TEST_CASE][PASSED] - Start Test Case : Verification: Verification accomplished successfully

2022-08-29 17:35:54 - [TEST_STEP][PASSED] - request = getInstance().getCurrentRequest(): null

2022-08-29 17:35:54 - [TEST_STEP][PASSED] - response = getInstance().getCurrentResponse(): null

2022-08-29 17:35:54 - [MESSAGE][PASSED] - Verify response successfully

2022-08-29 17:35:54 - [MESSAGE][PASSED] - Send request and verify the response successfully

2022-08-29 17:35:54 - [TEST_STEP][PASSED] - val_time = response.getElapsedTime(): null

2022-08-29 17:35:54 - [TEST_STEP][PASSED] - status_login = response.getStatusCode(): null

2022-08-29 17:35:54 - [TEST_STEP][PASSED] - jsonString = response.getResponseText(): null

2022-08-29 17:35:54 - [TEST_STEP][PASSED] - slurper = new groovy.json.JsonSlurper(): null

2022-08-29 17:35:54 - [TEST_STEP][PASSED] - markWarning("JSON " + jsonString): JSON {"Type":"ERROR","ValidationMessage":"Tu usuario o contraseña son incorrectos.","Content":null}

2022-08-29 17:35:54 - [MESSAGE][WARNING] - JSON {"Type":"ERROR","ValidationMessage":"Tu usuario o contraseña son incorrectos.","Content":null}

2022-08-29 17:35:54 - [TEST_STEP][PASSED] - parsedJson = slurper.parseText(jsonString): null

2022-08-29 17:35:54 - [TEST_STEP][PASSED] - nom_func = "val_login": null

2022-08-29 17:35:54 - [TEST_STEP][PASSED] - almacena_datos_servicio.Val_mensaje_serv.valida_mensaje_serv_login(parsedJson, type, ValidationMessage): Exito

2022-08-29 17:35:54 - [MESSAGE][PASSED] - Exito

2022-08-29 17:35:54 - [TEST_STEP][PASSED] - almacena_datos_servicio.Val_mensaje_serv.guarda_salida_mensaje_serv_login(): almacena_datos_servicio.Val_mensaje_serv.guarda_salida_mensaje_serv_login is PASSED

2022-08-29 17:35:54 - [MESSAGE][PASSED] - almacena_datos_servicio.Val_mensaje_serv.guarda_salida_mensaje_serv_login is PASSED]]></system-out>
         <system-err><![CDATA[]]></system-err>
      </testcase>
      <system-out><![CDATA[2022-08-29 17:35:08 - [TEST_SUITE][PASSED] - ConsultarConsolidadoFactura: Test Cases/Login_param]]></system-out>
      <system-err><![CDATA[]]></system-err>
   </testsuite>
</testsuites>
